生成启动时间为 2019/8/18 16:30:50。
     1>项目“E:\C++\cpp_programming\cpp_for_study\35-条件操作符\35-条件操作符\35-条件操作符.vcxproj”在节点 2 上(build 个目标)。
     1>PrepareForBuild:
         正在创建目录“E:\C++\cpp_programming\cpp_for_study\35-条件操作符\Debug\”。
       InitializeBuildStatus:
         正在创建“Debug\35-条件操作符.unsuccessfulbuild”，因为已指定“AlwaysCreate”。
       ClCompile:
         C:\Program Files (x86)\Microsoft Visual Studio 10.0\VC\bin\CL.exe /c /ZI /nologo /W3 /WX- /Od /Oy- /D WIN32 /D _DEBUG /D _CONSOLE /D _UNICODE /D UNICODE /Gm /EHsc /RTC1 /MDd /GS /fp:precise /Zc:wchar_t /Zc:forScope /Fo"Debug\\" /Fd"Debug\vc100.pdb" /Gd /TP /analyze- /errorReport:prompt study.cpp
         study.cpp
       ManifestResourceCompile:
         C:\Program Files (x86)\Microsoft SDKs\Windows\v7.0A\bin\rc.exe /nologo /fo"Debug\35-条件操作符.exe.embed.manifest.res" "Debug\35-条件操作符_manifest.rc" 
       Link:
         C:\Program Files (x86)\Microsoft Visual Studio 10.0\VC\bin\link.exe /ERRORREPORT:PROMPT /OUT:"E:\C++\cpp_programming\cpp_for_study\35-条件操作符\Debug\35-条件操作符.exe" /INCREMENTAL /NOLOGO kernel32.lib user32.lib gdi32.lib winspool.lib comdlg32.lib advapi32.lib shell32.lib ole32.lib oleaut32.lib uuid.lib odbc32.lib odbccp32.lib /MANIFEST /ManifestFile:"Debug\35-条件操作符.exe.intermediate.manifest" /MANIFESTUAC:"level='asInvoker' uiAccess='false'" /DEBUG /PDB:"E:\C++\cpp_programming\cpp_for_study\35-条件操作符\Debug\35-条件操作符.pdb" /SUBSYSTEM:CONSOLE /TLBID:1 /DYNAMICBASE /NXCOMPAT /IMPLIB:"E:\C++\cpp_programming\cpp_for_study\35-条件操作符\Debug\35-条件操作符.lib" /MACHINE:X86 "Debug\35-条件操作符.exe.embed.manifest.res"
         Debug\study.obj
       Manifest:
         C:\Program Files (x86)\Microsoft SDKs\Windows\v7.0A\bin\mt.exe /nologo /verbose /out:"Debug\35-条件操作符.exe.embed.manifest" /manifest "Debug\35-条件操作符.exe.intermediate.manifest"
         C:\Program Files (x86)\Microsoft SDKs\Windows\v7.0A\bin\rc.exe /nologo /fo"Debug\35-条件操作符.exe.embed.manifest.res" "Debug\35-条件操作符_manifest.rc" 
       LinkEmbedManifest:
         C:\Program Files (x86)\Microsoft Visual Studio 10.0\VC\bin\link.exe /ERRORREPORT:PROMPT /OUT:"E:\C++\cpp_programming\cpp_for_study\35-条件操作符\Debug\35-条件操作符.exe" /INCREMENTAL /NOLOGO kernel32.lib user32.lib gdi32.lib winspool.lib comdlg32.lib advapi32.lib shell32.lib ole32.lib oleaut32.lib uuid.lib odbc32.lib odbccp32.lib /MANIFEST /ManifestFile:"Debug\35-条件操作符.exe.intermediate.manifest" /MANIFESTUAC:"level='asInvoker' uiAccess='false'" /DEBUG /PDB:"E:\C++\cpp_programming\cpp_for_study\35-条件操作符\Debug\35-条件操作符.pdb" /SUBSYSTEM:CONSOLE /TLBID:1 /DYNAMICBASE /NXCOMPAT /IMPLIB:"E:\C++\cpp_programming\cpp_for_study\35-条件操作符\Debug\35-条件操作符.lib" /MACHINE:X86 "Debug\35-条件操作符.exe.embed.manifest.res"
         Debug\study.obj
         35-条件操作符.vcxproj -> E:\C++\cpp_programming\cpp_for_study\35-条件操作符\Debug\35-条件操作符.exe
       FinalizeBuildStatus:
         正在删除文件“Debug\35-条件操作符.unsuccessfulbuild”。
         正在对“Debug\35-条件操作符.lastbuildstate”执行 Touch 任务。
     1>已完成生成项目“E:\C++\cpp_programming\cpp_for_study\35-条件操作符\35-条件操作符\35-条件操作符.vcxproj”(build 个目标)的操作。

生成成功。

已用时间 00:00:01.75
