生成启动时间为 2019/8/6 20:57:44。
     1>项目“E:\C++\C++程序\7-引用\7-引用\7-引用.vcxproj”在节点 2 上(build 个目标)。
     1>InitializeBuildStatus:
         正在创建“Debug\7-引用.unsuccessfulbuild”，因为已指定“AlwaysCreate”。
       ClCompile:
         C:\Program Files (x86)\Microsoft Visual Studio 10.0\VC\bin\CL.exe /c /ZI /nologo /W3 /WX- /Od /Oy- /D WIN32 /D _DEBUG /D _CONSOLE /D _UNICODE /D UNICODE /Gm /EHsc /RTC1 /MDd /GS /fp:precise /Zc:wchar_t /Zc:forScope /Fo"Debug\\" /Fd"Debug\vc100.pdb" /Gd /TP /analyze- /errorReport:prompt study.cpp
         study.cpp
     1>e:\c++\c++程序\7-引用\7-引用\study.cpp(36): warning C4244: “初始化”: 从“double”转换到“const int”，可能丢失数据
       ManifestResourceCompile:
         所有输出均为最新。
       Link:
         C:\Program Files (x86)\Microsoft Visual Studio 10.0\VC\bin\link.exe /ERRORREPORT:PROMPT /OUT:"E:\C++\C++程序\7-引用\Debug\7-引用.exe" /INCREMENTAL /NOLOGO kernel32.lib user32.lib gdi32.lib winspool.lib comdlg32.lib advapi32.lib shell32.lib ole32.lib oleaut32.lib uuid.lib odbc32.lib odbccp32.lib /MANIFEST /ManifestFile:"Debug\7-引用.exe.intermediate.manifest" /MANIFESTUAC:"level='asInvoker' uiAccess='false'" /DEBUG /PDB:"E:\C++\C++程序\7-引用\Debug\7-引用.pdb" /SUBSYSTEM:CONSOLE /TLBID:1 /DYNAMICBASE /NXCOMPAT /IMPLIB:"E:\C++\C++程序\7-引用\Debug\7-引用.lib" /MACHINE:X86 "Debug\7-引用.exe.embed.manifest.res"
         Debug\study.obj
       Manifest:
         C:\Program Files (x86)\Microsoft SDKs\Windows\v7.0A\bin\mt.exe /nologo /verbose /out:"Debug\7-引用.exe.embed.manifest" /manifest "Debug\7-引用.exe.intermediate.manifest"
         所有输出均为最新。
       LinkEmbedManifest:
         所有输出均为最新。
         7-引用.vcxproj -> E:\C++\C++程序\7-引用\Debug\7-引用.exe
       FinalizeBuildStatus:
         正在删除文件“Debug\7-引用.unsuccessfulbuild”。
         正在对“Debug\7-引用.lastbuildstate”执行 Touch 任务。
     1>已完成生成项目“E:\C++\C++程序\7-引用\7-引用\7-引用.vcxproj”(build 个目标)的操作。

生成成功。

已用时间 00:00:01.82
