生成启动时间为 2019/10/18 20:53:39。
     1>项目“E:\C++\C++程序\cpp_for_study\94-派生类的构造函数和析构函数3\94-派生类的构造函数和析构函数3\94-派生类的构造函数和析构函数3.vcxproj”在节点 2 上(build 个目标)。
     1>InitializeBuildStatus:
         正在对“Debug\94-派生类的构造函数和析构函数3.unsuccessfulbuild”执行 Touch 任务。
       ClCompile:
         C:\Program Files (x86)\Microsoft Visual Studio 10.0\VC\bin\CL.exe /c /ZI /nologo /W3 /WX- /Od /Oy- /D WIN32 /D _DEBUG /D _CONSOLE /D _UNICODE /D UNICODE /Gm /EHsc /RTC1 /MDd /GS /fp:precise /Zc:wchar_t /Zc:forScope /Fo"Debug\\" /Fd"Debug\vc100.pdb" /Gd /TP /analyze- /errorReport:prompt main.cpp
         main.cpp
       ManifestResourceCompile:
         C:\Program Files (x86)\Microsoft SDKs\Windows\v7.0A\bin\rc.exe /nologo /fo"Debug\94-派生类的构造函数和析构函数3.exe.embed.manifest.res" "Debug\94-派生类的构造函数和析构函数3_manifest.rc" 
       Link:
         C:\Program Files (x86)\Microsoft Visual Studio 10.0\VC\bin\link.exe /ERRORREPORT:PROMPT /OUT:"E:\C++\C++程序\cpp_for_study\94-派生类的构造函数和析构函数3\Debug\94-派生类的构造函数和析构函数3.exe" /INCREMENTAL /NOLOGO kernel32.lib user32.lib gdi32.lib winspool.lib comdlg32.lib advapi32.lib shell32.lib ole32.lib oleaut32.lib uuid.lib odbc32.lib odbccp32.lib /MANIFEST /ManifestFile:"Debug\94-派生类的构造函数和析构函数3.exe.intermediate.manifest" /MANIFESTUAC:"level='asInvoker' uiAccess='false'" /DEBUG /PDB:"E:\C++\C++程序\cpp_for_study\94-派生类的构造函数和析构函数3\Debug\94-派生类的构造函数和析构函数3.pdb" /SUBSYSTEM:CONSOLE /TLBID:1 /DYNAMICBASE /NXCOMPAT /IMPLIB:"E:\C++\C++程序\cpp_for_study\94-派生类的构造函数和析构函数3\Debug\94-派生类的构造函数和析构函数3.lib" /MACHINE:X86 "Debug\94-派生类的构造函数和析构函数3.exe.embed.manifest.res"
         Debug\main.obj
       Manifest:
         C:\Program Files (x86)\Microsoft SDKs\Windows\v7.0A\bin\mt.exe /nologo /verbose /out:"Debug\94-派生类的构造函数和析构函数3.exe.embed.manifest" /manifest "Debug\94-派生类的构造函数和析构函数3.exe.intermediate.manifest"
         C:\Program Files (x86)\Microsoft SDKs\Windows\v7.0A\bin\rc.exe /nologo /fo"Debug\94-派生类的构造函数和析构函数3.exe.embed.manifest.res" "Debug\94-派生类的构造函数和析构函数3_manifest.rc" 
       LinkEmbedManifest:
         C:\Program Files (x86)\Microsoft Visual Studio 10.0\VC\bin\link.exe /ERRORREPORT:PROMPT /OUT:"E:\C++\C++程序\cpp_for_study\94-派生类的构造函数和析构函数3\Debug\94-派生类的构造函数和析构函数3.exe" /INCREMENTAL /NOLOGO kernel32.lib user32.lib gdi32.lib winspool.lib comdlg32.lib advapi32.lib shell32.lib ole32.lib oleaut32.lib uuid.lib odbc32.lib odbccp32.lib /MANIFEST /ManifestFile:"Debug\94-派生类的构造函数和析构函数3.exe.intermediate.manifest" /MANIFESTUAC:"level='asInvoker' uiAccess='false'" /DEBUG /PDB:"E:\C++\C++程序\cpp_for_study\94-派生类的构造函数和析构函数3\Debug\94-派生类的构造函数和析构函数3.pdb" /SUBSYSTEM:CONSOLE /TLBID:1 /DYNAMICBASE /NXCOMPAT /IMPLIB:"E:\C++\C++程序\cpp_for_study\94-派生类的构造函数和析构函数3\Debug\94-派生类的构造函数和析构函数3.lib" /MACHINE:X86 "Debug\94-派生类的构造函数和析构函数3.exe.embed.manifest.res"
         Debug\main.obj
         94-派生类的构造函数和析构函数3.vcxproj -> E:\C++\C++程序\cpp_for_study\94-派生类的构造函数和析构函数3\Debug\94-派生类的构造函数和析构函数3.exe
       FinalizeBuildStatus:
         正在删除文件“Debug\94-派生类的构造函数和析构函数3.unsuccessfulbuild”。
         正在对“Debug\94-派生类的构造函数和析构函数3.lastbuildstate”执行 Touch 任务。
     1>已完成生成项目“E:\C++\C++程序\cpp_for_study\94-派生类的构造函数和析构函数3\94-派生类的构造函数和析构函数3\94-派生类的构造函数和析构函数3.vcxproj”(build 个目标)的操作。

生成成功。

已用时间 00:00:01.40
