生成启动时间为 2019/8/22 19:06:16。
     1>项目“E:\C++\cpp_programming\cpp_for_study\39-for习题\39-for习题\39-for习题.vcxproj”在节点 2 上(build 个目标)。
     1>InitializeBuildStatus:
         正在创建“Debug\39-for习题.unsuccessfulbuild”，因为已指定“AlwaysCreate”。
       ClCompile:
         C:\Program Files (x86)\Microsoft Visual Studio 10.0\VC\bin\CL.exe /c /ZI /nologo /W3 /WX- /Od /Oy- /D WIN32 /D _DEBUG /D _CONSOLE /D _UNICODE /D UNICODE /Gm /EHsc /RTC1 /MDd /GS /fp:precise /Zc:wchar_t /Zc:forScope /Fo"Debug\\" /Fd"Debug\vc100.pdb" /Gd /TP /analyze- /errorReport:prompt main.cpp
         main.cpp
     1>e:\c++\cpp_programming\cpp_for_study\39-for习题\39-for习题\main.cpp(31): warning C4101: “min”: 未引用的局部变量
       ManifestResourceCompile:
         所有输出均为最新。
       Link:
         C:\Program Files (x86)\Microsoft Visual Studio 10.0\VC\bin\link.exe /ERRORREPORT:PROMPT /OUT:"E:\C++\cpp_programming\cpp_for_study\39-for习题\Debug\39-for习题.exe" /INCREMENTAL /NOLOGO kernel32.lib user32.lib gdi32.lib winspool.lib comdlg32.lib advapi32.lib shell32.lib ole32.lib oleaut32.lib uuid.lib odbc32.lib odbccp32.lib /MANIFEST /ManifestFile:"Debug\39-for习题.exe.intermediate.manifest" /MANIFESTUAC:"level='asInvoker' uiAccess='false'" /DEBUG /PDB:"E:\C++\cpp_programming\cpp_for_study\39-for习题\Debug\39-for习题.pdb" /SUBSYSTEM:CONSOLE /TLBID:1 /DYNAMICBASE /NXCOMPAT /IMPLIB:"E:\C++\cpp_programming\cpp_for_study\39-for习题\Debug\39-for习题.lib" /MACHINE:X86 "Debug\39-for习题.exe.embed.manifest.res"
         Debug\main.obj
       Manifest:
         C:\Program Files (x86)\Microsoft SDKs\Windows\v7.0A\bin\mt.exe /nologo /verbose /out:"Debug\39-for习题.exe.embed.manifest" /manifest "Debug\39-for习题.exe.intermediate.manifest"
         所有输出均为最新。
       LinkEmbedManifest:
         所有输出均为最新。
         39-for习题.vcxproj -> E:\C++\cpp_programming\cpp_for_study\39-for习题\Debug\39-for习题.exe
       FinalizeBuildStatus:
         正在删除文件“Debug\39-for习题.unsuccessfulbuild”。
         正在对“Debug\39-for习题.lastbuildstate”执行 Touch 任务。
     1>已完成生成项目“E:\C++\cpp_programming\cpp_for_study\39-for习题\39-for习题\39-for习题.vcxproj”(build 个目标)的操作。

生成成功。

已用时间 00:00:01.96
